2016-11-11 13:27:54.621  INFO 15596 --- [main] me.machadolucas.home.Application         : Starting Application on CI-72122-0 with PID 15596 (/home/lmachado/lucas/home2/target/classes started by lmachado in /home/lmachado/lucas/home2)
2016-11-11 13:27:54.625  INFO 15596 --- [main] me.machadolucas.home.Application         : No active profile set, falling back to default profiles: default
2016-11-11 13:27:55.096  INFO 15596 --- [main] ationConfigEmbeddedWebApplicationContext : Refreshing org.springframework.boot.context.embedded.AnnotationConfigEmbeddedWebApplicationContext@222545dc: startup date [Fri Nov 11 13:27:55 BRST 2016]; root of context hierarchy
2016-11-11 13:27:56.489  INFO 15596 --- [main] org.eclipse.jetty.util.log               : Logging initialized @3336ms
2016-11-11 13:27:56.672  INFO 15596 --- [main] e.j.JettyEmbeddedServletContainerFactory : Server initialized with port: 8080
2016-11-11 13:27:56.674  INFO 15596 --- [main] org.eclipse.jetty.server.Server          : jetty-9.3.14.v20161028
2016-11-11 13:27:56.964  INFO 15596 --- [main] application                              : Initializing Spring embedded WebApplicationContext
2016-11-11 13:27:56.965  INFO 15596 --- [main] o.s.web.context.ContextLoader            : Root WebApplicationContext: initialization completed in 1871 ms
2016-11-11 13:27:57.349  INFO 15596 --- [main] o.s.b.w.servlet.ServletRegistrationBean  : Mapping servlet: 'dispatcherServlet' to [/]
2016-11-11 13:27:57.351  INFO 15596 --- [main] o.s.b.w.servlet.FilterRegistrationBean   : Mapping filter: 'metricsFilter' to: [/*]
2016-11-11 13:27:57.351  INFO 15596 --- [main] o.s.b.w.servlet.FilterRegistrationBean   : Mapping filter: 'characterEncodingFilter' to: [/*]
2016-11-11 13:27:57.351  INFO 15596 --- [main] o.s.b.w.servlet.FilterRegistrationBean   : Mapping filter: 'hiddenHttpMethodFilter' to: [/*]
2016-11-11 13:27:57.352  INFO 15596 --- [main] o.s.b.w.servlet.FilterRegistrationBean   : Mapping filter: 'httpPutFormContentFilter' to: [/*]
2016-11-11 13:27:57.355  INFO 15596 --- [main] o.s.b.w.servlet.FilterRegistrationBean   : Mapping filter: 'requestContextFilter' to: [/*]
2016-11-11 13:27:57.355  INFO 15596 --- [main] o.s.b.w.servlet.FilterRegistrationBean   : Mapping filter: 'webRequestLoggingFilter' to: [/*]
2016-11-11 13:27:57.355  INFO 15596 --- [main] o.s.b.w.servlet.FilterRegistrationBean   : Mapping filter: 'applicationContextIdFilter' to: [/*]
2016-11-11 13:27:57.815  INFO 15596 --- [main] o.e.jetty.server.handler.ContextHandler  : Started o.s.b.c.e.j.JettyEmbeddedWebAppContext@44924587{/,file:///tmp/jetty-docbase.1329828019273853655.8080/,AVAILABLE}
2016-11-11 13:27:57.816  INFO 15596 --- [main] org.eclipse.jetty.server.Server          : Started @4663ms
2016-11-11 13:27:59.426  INFO 15596 --- [main] m.m.home.util.BackgroundImageUtils       : Detected image links:60
2016-11-11 13:27:59.738  INFO 15596 --- [main] s.w.s.m.m.a.RequestMappingHandlerAdapter : Looking for @ControllerAdvice: org.springframework.boot.context.embedded.AnnotationConfigEmbeddedWebApplicationContext@222545dc: startup date [Fri Nov 11 13:27:55 BRST 2016]; root of context hierarchy
2016-11-11 13:27:59.798  INFO 15596 --- [main] s.w.s.m.m.a.RequestMappingHandlerMapping : Mapped "{[/404]}" onto public java.lang.String me.machadolucas.home.controller.ErrorsController.e404(org.springframework.ui.Model)
2016-11-11 13:27:59.799  INFO 15596 --- [main] s.w.s.m.m.a.RequestMappingHandlerMapping : Mapped "{[/403]}" onto public java.lang.String me.machadolucas.home.controller.ErrorsController.e403(org.springframework.ui.Model)
2016-11-11 13:27:59.799  INFO 15596 --- [main] s.w.s.m.m.a.RequestMappingHandlerMapping : Mapped "{[/500]}" onto public java.lang.String me.machadolucas.home.controller.ErrorsController.e500(org.springframework.ui.Model)
2016-11-11 13:27:59.800  INFO 15596 --- [main] s.w.s.m.m.a.RequestMappingHandlerMapping : Mapped "{[/pages/{page}.html]}" onto public java.lang.String me.machadolucas.home.controller.MainController.pages(java.lang.String,org.springframework.ui.Model)
2016-11-11 13:27:59.800  INFO 15596 --- [main] s.w.s.m.m.a.RequestMappingHandlerMapping : Mapped "{[/]}" onto public java.lang.String me.machadolucas.home.controller.MainController.index(org.springframework.ui.Model)
2016-11-11 13:27:59.802  INFO 15596 --- [main] s.w.s.m.m.a.RequestMappingHandlerMapping : Mapped "{[/error],produces=[text/html]}" onto public org.springframework.web.servlet.ModelAndView org.springframework.boot.autoconfigure.web.BasicErrorController.errorHtml(javax.servlet.http.HttpServletRequest,javax.servlet.http.HttpServletResponse)
2016-11-11 13:27:59.803  INFO 15596 --- [main] s.w.s.m.m.a.RequestMappingHandlerMapping : Mapped "{[/error]}" onto public org.springframework.http.ResponseEntity<java.util.Map<java.lang.String, java.lang.Object>> org.springframework.boot.autoconfigure.web.BasicErrorController.error(javax.servlet.http.HttpServletRequest)
2016-11-11 13:27:59.828  INFO 15596 --- [main] o.s.w.s.handler.SimpleUrlHandlerMapping  : Mapped URL path [/webjars/**] onto handler of type [class org.springframework.web.servlet.resource.ResourceHttpRequestHandler]
2016-11-11 13:27:59.828  INFO 15596 --- [main] o.s.w.s.handler.SimpleUrlHandlerMapping  : Mapped URL path [/**] onto handler of type [class org.springframework.web.servlet.resource.ResourceHttpRequestHandler]
2016-11-11 13:28:00.698  INFO 15596 --- [main] o.s.b.a.e.mvc.EndpointHandlerMapping     : Mapped "{[/heapdump || /heapdump.json],methods=[GET],produces=[application/octet-stream]}" onto public void org.springframework.boot.actuate.endpoint.mvc.HeapdumpMvcEndpoint.invoke(boolean,javax.servlet.http.HttpServletRequest,javax.servlet.http.HttpServletResponse) throws java.io.IOException,javax.servlet.ServletException
2016-11-11 13:28:00.701  INFO 15596 --- [main] o.s.b.a.e.mvc.EndpointHandlerMapping     : Mapped "{[/metrics/{name:.*}],methods=[GET],produces=[application/json]}" onto public java.lang.Object org.springframework.boot.actuate.endpoint.mvc.MetricsMvcEndpoint.value(java.lang.String)
2016-11-11 13:28:00.701  INFO 15596 --- [main] o.s.b.a.e.mvc.EndpointHandlerMapping     : Mapped "{[/metrics || /metrics.json],methods=[GET],produces=[application/json]}" onto public java.lang.Object org.springframework.boot.actuate.endpoint.mvc.EndpointMvcAdapter.invoke()
2016-11-11 13:28:00.702  INFO 15596 --- [main] o.s.b.a.e.mvc.EndpointHandlerMapping     : Mapped "{[/mappings || /mappings.json],methods=[GET],produces=[application/json]}" onto public java.lang.Object org.springframework.boot.actuate.endpoint.mvc.EndpointMvcAdapter.invoke()
2016-11-11 13:28:00.703  INFO 15596 --- [main] o.s.b.a.e.mvc.EndpointHandlerMapping     : Mapped "{[/trace || /trace.json],methods=[GET],produces=[application/json]}" onto public java.lang.Object org.springframework.boot.actuate.endpoint.mvc.EndpointMvcAdapter.invoke()
2016-11-11 13:28:00.704  INFO 15596 --- [main] o.s.b.a.e.mvc.EndpointHandlerMapping     : Mapped "{[/dump || /dump.json],methods=[GET],produces=[application/json]}" onto public java.lang.Object org.springframework.boot.actuate.endpoint.mvc.EndpointMvcAdapter.invoke()
2016-11-11 13:28:00.704  INFO 15596 --- [main] o.s.b.a.e.mvc.EndpointHandlerMapping     : Mapped "{[/health || /health.json],produces=[application/json]}" onto public java.lang.Object org.springframework.boot.actuate.endpoint.mvc.HealthMvcEndpoint.invoke(java.security.Principal)
2016-11-11 13:28:00.705  INFO 15596 --- [main] o.s.b.a.e.mvc.EndpointHandlerMapping     : Mapped "{[/configprops || /configprops.json],methods=[GET],produces=[application/json]}" onto public java.lang.Object org.springframework.boot.actuate.endpoint.mvc.EndpointMvcAdapter.invoke()
2016-11-11 13:28:00.706  INFO 15596 --- [main] o.s.b.a.e.mvc.EndpointHandlerMapping     : Mapped "{[/logfile || /logfile.json],methods=[GET || HEAD]}" onto public void org.springframework.boot.actuate.endpoint.mvc.LogFileMvcEndpoint.invoke(javax.servlet.http.HttpServletRequest,javax.servlet.http.HttpServletResponse) throws javax.servlet.ServletException,java.io.IOException
2016-11-11 13:28:00.708  INFO 15596 --- [main] o.s.b.a.e.mvc.EndpointHandlerMapping     : Mapped "{[/env/{name:.*}],methods=[GET],produces=[application/json]}" onto public java.lang.Object org.springframework.boot.actuate.endpoint.mvc.EnvironmentMvcEndpoint.value(java.lang.String)
2016-11-11 13:28:00.708  INFO 15596 --- [main] o.s.b.a.e.mvc.EndpointHandlerMapping     : Mapped "{[/env || /env.json],methods=[GET],produces=[application/json]}" onto public java.lang.Object org.springframework.boot.actuate.endpoint.mvc.EndpointMvcAdapter.invoke()
2016-11-11 13:28:00.711  INFO 15596 --- [main] o.s.b.a.e.mvc.EndpointHandlerMapping     : Mapped "{[/beans || /beans.json],methods=[GET],produces=[application/json]}" onto public java.lang.Object org.springframework.boot.actuate.endpoint.mvc.EndpointMvcAdapter.invoke()
2016-11-11 13:28:00.712  INFO 15596 --- [main] o.s.b.a.e.mvc.EndpointHandlerMapping     : Mapped "{[/autoconfig || /autoconfig.json],methods=[GET],produces=[application/json]}" onto public java.lang.Object org.springframework.boot.actuate.endpoint.mvc.EndpointMvcAdapter.invoke()
2016-11-11 13:28:00.713  INFO 15596 --- [main] o.s.b.a.e.mvc.EndpointHandlerMapping     : Mapped "{[/info || /info.json],methods=[GET],produces=[application/json]}" onto public java.lang.Object org.springframework.boot.actuate.endpoint.mvc.EndpointMvcAdapter.invoke()
2016-11-11 13:28:00.814  INFO 15596 --- [main] o.s.j.e.a.AnnotationMBeanExporter        : Registering beans for JMX exposure on startup
2016-11-11 13:28:00.824  INFO 15596 --- [main] o.s.c.support.DefaultLifecycleProcessor  : Starting beans in phase 0
2016-11-11 13:28:00.929  INFO 15596 --- [main] application                              : Initializing Spring FrameworkServlet 'dispatcherServlet'
2016-11-11 13:28:00.930  INFO 15596 --- [main] o.s.web.servlet.DispatcherServlet        : FrameworkServlet 'dispatcherServlet': initialization started
2016-11-11 13:28:00.940  INFO 15596 --- [main] o.s.web.servlet.DispatcherServlet        : FrameworkServlet 'dispatcherServlet': initialization completed in 10 ms
2016-11-11 13:28:00.954  INFO 15596 --- [main] o.e.jetty.server.AbstractConnector       : Started ServerConnector@471ee504{HTTP/1.1,[http/1.1]}{0.0.0.0:8080}
2016-11-11 13:28:00.956  INFO 15596 --- [main] .s.b.c.e.j.JettyEmbeddedServletContainer : Jetty started on port(s) 8080 (http/1.1)
2016-11-11 13:28:00.962  INFO 15596 --- [main] me.machadolucas.home.Application         : Started Application in 7.018 seconds (JVM running for 7.809)
2016-11-11 14:12:56.887  INFO 15596 --- [Thread-10] ationConfigEmbeddedWebApplicationContext : Closing org.springframework.boot.context.embedded.AnnotationConfigEmbeddedWebApplicationContext@222545dc: startup date [Fri Nov 11 13:27:55 BRST 2016]; root of context hierarchy
2016-11-11 14:12:56.890  INFO 15596 --- [Thread-10] o.s.c.support.DefaultLifecycleProcessor  : Stopping beans in phase 0
2016-11-11 14:12:56.897  INFO 15596 --- [Thread-10] o.s.j.e.a.AnnotationMBeanExporter        : Unregistering JMX-exposed beans on shutdown
2016-11-11 14:12:56.915  INFO 15596 --- [Thread-10] o.e.jetty.server.AbstractConnector       : Stopped ServerConnector@471ee504{HTTP/1.1,[http/1.1]}{0.0.0.0:8080}
2016-11-11 14:12:56.917  INFO 15596 --- [Thread-10] application                              : Destroying Spring FrameworkServlet 'dispatcherServlet'
2016-11-11 14:12:56.918  INFO 15596 --- [Thread-10] o.e.jetty.server.handler.ContextHandler  : Stopped o.s.b.c.e.j.JettyEmbeddedWebAppContext@44924587{/,file:///tmp/jetty-docbase.1329828019273853655.8080/,UNAVAILABLE}
2016-11-11 14:12:59.596  INFO 16783 --- [main] me.machadolucas.home.Application         : Starting Application on CI-72122-0 with PID 16783 (/home/lmachado/lucas/home2/target/classes started by lmachado in /home/lmachado/lucas/home2)
2016-11-11 14:12:59.599  INFO 16783 --- [main] me.machadolucas.home.Application         : No active profile set, falling back to default profiles: default
2016-11-11 14:12:59.979  INFO 16783 --- [main] ationConfigEmbeddedWebApplicationContext : Refreshing org.springframework.boot.context.embedded.AnnotationConfigEmbeddedWebApplicationContext@222545dc: startup date [Fri Nov 11 14:12:59 BRST 2016]; root of context hierarchy
2016-11-11 14:13:01.168  INFO 16783 --- [main] org.eclipse.jetty.util.log               : Logging initialized @2556ms
2016-11-11 14:13:01.243  INFO 16783 --- [main] e.j.JettyEmbeddedServletContainerFactory : Server initialized with port: 8080
2016-11-11 14:13:01.246  INFO 16783 --- [main] org.eclipse.jetty.server.Server          : jetty-9.3.14.v20161028
2016-11-11 14:13:01.343  INFO 16783 --- [main] application                              : Initializing Spring embedded WebApplicationContext
2016-11-11 14:13:01.343  INFO 16783 --- [main] o.s.web.context.ContextLoader            : Root WebApplicationContext: initialization completed in 1366 ms
2016-11-11 14:13:01.535  INFO 16783 --- [main] o.s.b.w.servlet.ServletRegistrationBean  : Mapping servlet: 'dispatcherServlet' to [/]
2016-11-11 14:13:01.537  INFO 16783 --- [main] o.s.b.w.servlet.FilterRegistrationBean   : Mapping filter: 'metricsFilter' to: [/*]
2016-11-11 14:13:01.538  INFO 16783 --- [main] o.s.b.w.servlet.FilterRegistrationBean   : Mapping filter: 'characterEncodingFilter' to: [/*]
2016-11-11 14:13:01.538  INFO 16783 --- [main] o.s.b.w.servlet.FilterRegistrationBean   : Mapping filter: 'hiddenHttpMethodFilter' to: [/*]
2016-11-11 14:13:01.538  INFO 16783 --- [main] o.s.b.w.servlet.FilterRegistrationBean   : Mapping filter: 'httpPutFormContentFilter' to: [/*]
2016-11-11 14:13:01.539  INFO 16783 --- [main] o.s.b.w.servlet.FilterRegistrationBean   : Mapping filter: 'requestContextFilter' to: [/*]
2016-11-11 14:13:01.539  INFO 16783 --- [main] o.s.b.w.servlet.FilterRegistrationBean   : Mapping filter: 'webRequestLoggingFilter' to: [/*]
2016-11-11 14:13:01.539  INFO 16783 --- [main] o.s.b.w.servlet.FilterRegistrationBean   : Mapping filter: 'applicationContextIdFilter' to: [/*]
2016-11-11 14:13:02.006  INFO 16783 --- [main] o.e.jetty.server.handler.ContextHandler  : Started o.s.b.c.e.j.JettyEmbeddedWebAppContext@6ff6efdc{/,file:///tmp/jetty-docbase.8759592136569218748.8080/,AVAILABLE}
2016-11-11 14:13:02.006  INFO 16783 --- [main] org.eclipse.jetty.server.Server          : Started @3395ms
2016-11-11 14:13:03.291  INFO 16783 --- [main] m.m.home.util.BackgroundImageUtils       : Detected image links:60
2016-11-11 14:13:03.626  INFO 16783 --- [main] s.w.s.m.m.a.RequestMappingHandlerAdapter : Looking for @ControllerAdvice: org.springframework.boot.context.embedded.AnnotationConfigEmbeddedWebApplicationContext@222545dc: startup date [Fri Nov 11 14:12:59 BRST 2016]; root of context hierarchy
2016-11-11 14:13:03.697  INFO 16783 --- [main] s.w.s.m.m.a.RequestMappingHandlerMapping : Mapped "{[/404]}" onto public java.lang.String me.machadolucas.home.controller.ErrorsController.e404(org.springframework.ui.Model)
2016-11-11 14:13:03.698  INFO 16783 --- [main] s.w.s.m.m.a.RequestMappingHandlerMapping : Mapped "{[/403]}" onto public java.lang.String me.machadolucas.home.controller.ErrorsController.e403(org.springframework.ui.Model)
2016-11-11 14:13:03.698  INFO 16783 --- [main] s.w.s.m.m.a.RequestMappingHandlerMapping : Mapped "{[/500]}" onto public java.lang.String me.machadolucas.home.controller.ErrorsController.e500(org.springframework.ui.Model)
2016-11-11 14:13:03.699  INFO 16783 --- [main] s.w.s.m.m.a.RequestMappingHandlerMapping : Mapped "{[/pages/{page}.html]}" onto public java.lang.String me.machadolucas.home.controller.MainController.pages(java.lang.String,org.springframework.ui.Model)
2016-11-11 14:13:03.700  INFO 16783 --- [main] s.w.s.m.m.a.RequestMappingHandlerMapping : Mapped "{[/]}" onto public java.lang.String me.machadolucas.home.controller.MainController.index(org.springframework.ui.Model)
2016-11-11 14:13:03.711  INFO 16783 --- [main] s.w.s.m.m.a.RequestMappingHandlerMapping : Mapped "{[/error],produces=[text/html]}" onto public org.springframework.web.servlet.ModelAndView org.springframework.boot.autoconfigure.web.BasicErrorController.errorHtml(javax.servlet.http.HttpServletRequest,javax.servlet.http.HttpServletResponse)
2016-11-11 14:13:03.712  INFO 16783 --- [main] s.w.s.m.m.a.RequestMappingHandlerMapping : Mapped "{[/error]}" onto public org.springframework.http.ResponseEntity<java.util.Map<java.lang.String, java.lang.Object>> org.springframework.boot.autoconfigure.web.BasicErrorController.error(javax.servlet.http.HttpServletRequest)
2016-11-11 14:13:03.747  INFO 16783 --- [main] o.s.w.s.handler.SimpleUrlHandlerMapping  : Mapped URL path [/webjars/**] onto handler of type [class org.springframework.web.servlet.resource.ResourceHttpRequestHandler]
2016-11-11 14:13:03.748  INFO 16783 --- [main] o.s.w.s.handler.SimpleUrlHandlerMapping  : Mapped URL path [/**] onto handler of type [class org.springframework.web.servlet.resource.ResourceHttpRequestHandler]
2016-11-11 14:13:04.597  INFO 16783 --- [main] o.s.b.a.e.mvc.EndpointHandlerMapping     : Mapped "{[/heapdump || /heapdump.json],methods=[GET],produces=[application/octet-stream]}" onto public void org.springframework.boot.actuate.endpoint.mvc.HeapdumpMvcEndpoint.invoke(boolean,javax.servlet.http.HttpServletRequest,javax.servlet.http.HttpServletResponse) throws java.io.IOException,javax.servlet.ServletException
2016-11-11 14:13:04.600  INFO 16783 --- [main] o.s.b.a.e.mvc.EndpointHandlerMapping     : Mapped "{[/mappings || /mappings.json],methods=[GET],produces=[application/json]}" onto public java.lang.Object org.springframework.boot.actuate.endpoint.mvc.EndpointMvcAdapter.invoke()
2016-11-11 14:13:04.601  INFO 16783 --- [main] o.s.b.a.e.mvc.EndpointHandlerMapping     : Mapped "{[/trace || /trace.json],methods=[GET],produces=[application/json]}" onto public java.lang.Object org.springframework.boot.actuate.endpoint.mvc.EndpointMvcAdapter.invoke()
2016-11-11 14:13:04.605  INFO 16783 --- [main] o.s.b.a.e.mvc.EndpointHandlerMapping     : Mapped "{[/env/{name:.*}],methods=[GET],produces=[application/json]}" onto public java.lang.Object org.springframework.boot.actuate.endpoint.mvc.EnvironmentMvcEndpoint.value(java.lang.String)
2016-11-11 14:13:04.605  INFO 16783 --- [main] o.s.b.a.e.mvc.EndpointHandlerMapping     : Mapped "{[/env || /env.json],methods=[GET],produces=[application/json]}" onto public java.lang.Object org.springframework.boot.actuate.endpoint.mvc.EndpointMvcAdapter.invoke()
2016-11-11 14:13:04.606  INFO 16783 --- [main] o.s.b.a.e.mvc.EndpointHandlerMapping     : Mapped "{[/dump || /dump.json],methods=[GET],produces=[application/json]}" onto public java.lang.Object org.springframework.boot.actuate.endpoint.mvc.EndpointMvcAdapter.invoke()
2016-11-11 14:13:04.607  INFO 16783 --- [main] o.s.b.a.e.mvc.EndpointHandlerMapping     : Mapped "{[/logfile || /logfile.json],methods=[GET || HEAD]}" onto public void org.springframework.boot.actuate.endpoint.mvc.LogFileMvcEndpoint.invoke(javax.servlet.http.HttpServletRequest,javax.servlet.http.HttpServletResponse) throws javax.servlet.ServletException,java.io.IOException
2016-11-11 14:13:04.614  INFO 16783 --- [main] o.s.b.a.e.mvc.EndpointHandlerMapping     : Mapped "{[/beans || /beans.json],methods=[GET],produces=[application/json]}" onto public java.lang.Object org.springframework.boot.actuate.endpoint.mvc.EndpointMvcAdapter.invoke()
2016-11-11 14:13:04.614  INFO 16783 --- [main] o.s.b.a.e.mvc.EndpointHandlerMapping     : Mapped "{[/autoconfig || /autoconfig.json],methods=[GET],produces=[application/json]}" onto public java.lang.Object org.springframework.boot.actuate.endpoint.mvc.EndpointMvcAdapter.invoke()
2016-11-11 14:13:04.616  INFO 16783 --- [main] o.s.b.a.e.mvc.EndpointHandlerMapping     : Mapped "{[/configprops || /configprops.json],methods=[GET],produces=[application/json]}" onto public java.lang.Object org.springframework.boot.actuate.endpoint.mvc.EndpointMvcAdapter.invoke()
2016-11-11 14:13:04.617  INFO 16783 --- [main] o.s.b.a.e.mvc.EndpointHandlerMapping     : Mapped "{[/health || /health.json],produces=[application/json]}" onto public java.lang.Object org.springframework.boot.actuate.endpoint.mvc.HealthMvcEndpoint.invoke(java.security.Principal)
2016-11-11 14:13:04.620  INFO 16783 --- [main] o.s.b.a.e.mvc.EndpointHandlerMapping     : Mapped "{[/info || /info.json],methods=[GET],produces=[application/json]}" onto public java.lang.Object org.springframework.boot.actuate.endpoint.mvc.EndpointMvcAdapter.invoke()
2016-11-11 14:13:04.621  INFO 16783 --- [main] o.s.b.a.e.mvc.EndpointHandlerMapping     : Mapped "{[/metrics/{name:.*}],methods=[GET],produces=[application/json]}" onto public java.lang.Object org.springframework.boot.actuate.endpoint.mvc.MetricsMvcEndpoint.value(java.lang.String)
2016-11-11 14:13:04.621  INFO 16783 --- [main] o.s.b.a.e.mvc.EndpointHandlerMapping     : Mapped "{[/metrics || /metrics.json],methods=[GET],produces=[application/json]}" onto public java.lang.Object org.springframework.boot.actuate.endpoint.mvc.EndpointMvcAdapter.invoke()
2016-11-11 14:13:04.720  INFO 16783 --- [main] o.s.j.e.a.AnnotationMBeanExporter        : Registering beans for JMX exposure on startup
2016-11-11 14:13:04.728  INFO 16783 --- [main] o.s.c.support.DefaultLifecycleProcessor  : Starting beans in phase 0
2016-11-11 14:13:04.796  INFO 16783 --- [main] application                              : Initializing Spring FrameworkServlet 'dispatcherServlet'
2016-11-11 14:13:04.796  INFO 16783 --- [main] o.s.web.servlet.DispatcherServlet        : FrameworkServlet 'dispatcherServlet': initialization started
2016-11-11 14:13:04.804  INFO 16783 --- [main] o.s.web.servlet.DispatcherServlet        : FrameworkServlet 'dispatcherServlet': initialization completed in 8 ms
2016-11-11 14:13:04.817  INFO 16783 --- [main] o.e.jetty.server.AbstractConnector       : Started ServerConnector@106b014e{HTTP/1.1,[http/1.1]}{0.0.0.0:8080}
2016-11-11 14:13:04.819  INFO 16783 --- [main] .s.b.c.e.j.JettyEmbeddedServletContainer : Jetty started on port(s) 8080 (http/1.1)
2016-11-11 14:13:04.823  INFO 16783 --- [main] me.machadolucas.home.Application         : Started Application in 5.8 seconds (JVM running for 6.212)
2016-11-11 14:38:55.085  INFO 16783 --- [Thread-10] ationConfigEmbeddedWebApplicationContext : Closing org.springframework.boot.context.embedded.AnnotationConfigEmbeddedWebApplicationContext@222545dc: startup date [Fri Nov 11 14:12:59 BRST 2016]; root of context hierarchy
2016-11-11 14:38:55.087  INFO 16783 --- [Thread-10] o.s.c.support.DefaultLifecycleProcessor  : Stopping beans in phase 0
2016-11-11 14:38:55.096  INFO 16783 --- [Thread-10] o.s.j.e.a.AnnotationMBeanExporter        : Unregistering JMX-exposed beans on shutdown
2016-11-11 14:38:55.102  INFO 16783 --- [Thread-10] o.e.jetty.server.AbstractConnector       : Stopped ServerConnector@106b014e{HTTP/1.1,[http/1.1]}{0.0.0.0:8080}
2016-11-11 14:38:55.104  INFO 16783 --- [Thread-10] application                              : Destroying Spring FrameworkServlet 'dispatcherServlet'
2016-11-11 14:38:55.104  INFO 16783 --- [Thread-10] o.e.jetty.server.handler.ContextHandler  : Stopped o.s.b.c.e.j.JettyEmbeddedWebAppContext@6ff6efdc{/,file:///tmp/jetty-docbase.8759592136569218748.8080/,UNAVAILABLE}
2016-11-11 14:38:56.523  INFO 17909 --- [main] me.machadolucas.home.Application         : Starting Application on CI-72122-0 with PID 17909 (/home/lmachado/lucas/home2/target/classes started by lmachado in /home/lmachado/lucas/home2)
2016-11-11 14:38:56.526  INFO 17909 --- [main] me.machadolucas.home.Application         : No active profile set, falling back to default profiles: default
2016-11-11 14:38:56.946  INFO 17909 --- [main] ationConfigEmbeddedWebApplicationContext : Refreshing org.springframework.boot.context.embedded.AnnotationConfigEmbeddedWebApplicationContext@222545dc: startup date [Fri Nov 11 14:38:56 BRST 2016]; root of context hierarchy
2016-11-11 14:38:58.121  INFO 17909 --- [main] org.eclipse.jetty.util.log               : Logging initialized @2402ms
2016-11-11 14:38:58.183  INFO 17909 --- [main] e.j.JettyEmbeddedServletContainerFactory : Server initialized with port: 8080
2016-11-11 14:38:58.185  INFO 17909 --- [main] org.eclipse.jetty.server.Server          : jetty-9.3.14.v20161028
2016-11-11 14:38:58.255  INFO 17909 --- [main] application                              : Initializing Spring embedded WebApplicationContext
2016-11-11 14:38:58.256  INFO 17909 --- [main] o.s.web.context.ContextLoader            : Root WebApplicationContext: initialization completed in 1312 ms
2016-11-11 14:38:58.426  INFO 17909 --- [main] o.s.b.w.servlet.ServletRegistrationBean  : Mapping servlet: 'dispatcherServlet' to [/]
2016-11-11 14:38:58.428  INFO 17909 --- [main] o.s.b.w.servlet.FilterRegistrationBean   : Mapping filter: 'metricsFilter' to: [/*]
2016-11-11 14:38:58.428  INFO 17909 --- [main] o.s.b.w.servlet.FilterRegistrationBean   : Mapping filter: 'characterEncodingFilter' to: [/*]
2016-11-11 14:38:58.428  INFO 17909 --- [main] o.s.b.w.servlet.FilterRegistrationBean   : Mapping filter: 'hiddenHttpMethodFilter' to: [/*]
2016-11-11 14:38:58.428  INFO 17909 --- [main] o.s.b.w.servlet.FilterRegistrationBean   : Mapping filter: 'httpPutFormContentFilter' to: [/*]
2016-11-11 14:38:58.429  INFO 17909 --- [main] o.s.b.w.servlet.FilterRegistrationBean   : Mapping filter: 'requestContextFilter' to: [/*]
2016-11-11 14:38:58.429  INFO 17909 --- [main] o.s.b.w.servlet.FilterRegistrationBean   : Mapping filter: 'webRequestLoggingFilter' to: [/*]
2016-11-11 14:38:58.429  INFO 17909 --- [main] o.s.b.w.servlet.FilterRegistrationBean   : Mapping filter: 'applicationContextIdFilter' to: [/*]
2016-11-11 14:38:58.693  INFO 17909 --- [main] o.e.jetty.server.handler.ContextHandler  : Started o.s.b.c.e.j.JettyEmbeddedWebAppContext@2b289ac9{/,file:///tmp/jetty-docbase.8473453518184880314.8080/,AVAILABLE}
2016-11-11 14:38:58.694  INFO 17909 --- [main] org.eclipse.jetty.server.Server          : Started @2976ms
2016-11-11 14:38:59.830  INFO 17909 --- [main] m.m.home.util.BackgroundImageUtils       : Detected image links:60
2016-11-11 14:39:00.151  INFO 17909 --- [main] s.w.s.m.m.a.RequestMappingHandlerAdapter : Looking for @ControllerAdvice: org.springframework.boot.context.embedded.AnnotationConfigEmbeddedWebApplicationContext@222545dc: startup date [Fri Nov 11 14:38:56 BRST 2016]; root of context hierarchy
2016-11-11 14:39:00.199  INFO 17909 --- [main] s.w.s.m.m.a.RequestMappingHandlerMapping : Mapped "{[/404]}" onto public java.lang.String me.machadolucas.home.controller.ErrorsController.e404(org.springframework.ui.Model)
2016-11-11 14:39:00.200  INFO 17909 --- [main] s.w.s.m.m.a.RequestMappingHandlerMapping : Mapped "{[/403]}" onto public java.lang.String me.machadolucas.home.controller.ErrorsController.e403(org.springframework.ui.Model)
2016-11-11 14:39:00.200  INFO 17909 --- [main] s.w.s.m.m.a.RequestMappingHandlerMapping : Mapped "{[/500]}" onto public java.lang.String me.machadolucas.home.controller.ErrorsController.e500(org.springframework.ui.Model)
2016-11-11 14:39:00.201  INFO 17909 --- [main] s.w.s.m.m.a.RequestMappingHandlerMapping : Mapped "{[/pages/{page}.html]}" onto public java.lang.String me.machadolucas.home.controller.MainController.pages(java.lang.String,org.springframework.ui.Model)
2016-11-11 14:39:00.201  INFO 17909 --- [main] s.w.s.m.m.a.RequestMappingHandlerMapping : Mapped "{[/]}" onto public java.lang.String me.machadolucas.home.controller.MainController.index(org.springframework.ui.Model)
2016-11-11 14:39:00.206  INFO 17909 --- [main] s.w.s.m.m.a.RequestMappingHandlerMapping : Mapped "{[/error],produces=[text/html]}" onto public org.springframework.web.servlet.ModelAndView org.springframework.boot.autoconfigure.web.BasicErrorController.errorHtml(javax.servlet.http.HttpServletRequest,javax.servlet.http.HttpServletResponse)
2016-11-11 14:39:00.206  INFO 17909 --- [main] s.w.s.m.m.a.RequestMappingHandlerMapping : Mapped "{[/error]}" onto public org.springframework.http.ResponseEntity<java.util.Map<java.lang.String, java.lang.Object>> org.springframework.boot.autoconfigure.web.BasicErrorController.error(javax.servlet.http.HttpServletRequest)
2016-11-11 14:39:00.229  INFO 17909 --- [main] o.s.w.s.handler.SimpleUrlHandlerMapping  : Mapped URL path [/webjars/**] onto handler of type [class org.springframework.web.servlet.resource.ResourceHttpRequestHandler]
2016-11-11 14:39:00.230  INFO 17909 --- [main] o.s.w.s.handler.SimpleUrlHandlerMapping  : Mapped URL path [/**] onto handler of type [class org.springframework.web.servlet.resource.ResourceHttpRequestHandler]
2016-11-11 14:39:01.126  INFO 17909 --- [main] o.s.b.a.e.mvc.EndpointHandlerMapping     : Mapped "{[/metrics/{name:.*}],methods=[GET],produces=[application/json]}" onto public java.lang.Object org.springframework.boot.actuate.endpoint.mvc.MetricsMvcEndpoint.value(java.lang.String)
2016-11-11 14:39:01.127  INFO 17909 --- [main] o.s.b.a.e.mvc.EndpointHandlerMapping     : Mapped "{[/metrics || /metrics.json],methods=[GET],produces=[application/json]}" onto public java.lang.Object org.springframework.boot.actuate.endpoint.mvc.EndpointMvcAdapter.invoke()
2016-11-11 14:39:01.127  INFO 17909 --- [main] o.s.b.a.e.mvc.EndpointHandlerMapping     : Mapped "{[/logfile || /logfile.json],methods=[GET || HEAD]}" onto public void org.springframework.boot.actuate.endpoint.mvc.LogFileMvcEndpoint.invoke(javax.servlet.http.HttpServletRequest,javax.servlet.http.HttpServletResponse) throws javax.servlet.ServletException,java.io.IOException
2016-11-11 14:39:01.130  INFO 17909 --- [main] o.s.b.a.e.mvc.EndpointHandlerMapping     : Mapped "{[/info || /info.json],methods=[GET],produces=[application/json]}" onto public java.lang.Object org.springframework.boot.actuate.endpoint.mvc.EndpointMvcAdapter.invoke()
2016-11-11 14:39:01.132  INFO 17909 --- [main] o.s.b.a.e.mvc.EndpointHandlerMapping     : Mapped "{[/trace || /trace.json],methods=[GET],produces=[application/json]}" onto public java.lang.Object org.springframework.boot.actuate.endpoint.mvc.EndpointMvcAdapter.invoke()
2016-11-11 14:39:01.134  INFO 17909 --- [main] o.s.b.a.e.mvc.EndpointHandlerMapping     : Mapped "{[/heapdump || /heapdump.json],methods=[GET],produces=[application/octet-stream]}" onto public void org.springframework.boot.actuate.endpoint.mvc.HeapdumpMvcEndpoint.invoke(boolean,javax.servlet.http.HttpServletRequest,javax.servlet.http.HttpServletResponse) throws java.io.IOException,javax.servlet.ServletException
2016-11-11 14:39:01.134  INFO 17909 --- [main] o.s.b.a.e.mvc.EndpointHandlerMapping     : Mapped "{[/mappings || /mappings.json],methods=[GET],produces=[application/json]}" onto public java.lang.Object org.springframework.boot.actuate.endpoint.mvc.EndpointMvcAdapter.invoke()
2016-11-11 14:39:01.138  INFO 17909 --- [main] o.s.b.a.e.mvc.EndpointHandlerMapping     : Mapped "{[/dump || /dump.json],methods=[GET],produces=[application/json]}" onto public java.lang.Object org.springframework.boot.actuate.endpoint.mvc.EndpointMvcAdapter.invoke()
2016-11-11 14:39:01.144  INFO 17909 --- [main] o.s.b.a.e.mvc.EndpointHandlerMapping     : Mapped "{[/env/{name:.*}],methods=[GET],produces=[application/json]}" onto public java.lang.Object org.springframework.boot.actuate.endpoint.mvc.EnvironmentMvcEndpoint.value(java.lang.String)
2016-11-11 14:39:01.150  INFO 17909 --- [main] o.s.b.a.e.mvc.EndpointHandlerMapping     : Mapped "{[/env || /env.json],methods=[GET],produces=[application/json]}" onto public java.lang.Object org.springframework.boot.actuate.endpoint.mvc.EndpointMvcAdapter.invoke()
2016-11-11 14:39:01.162  INFO 17909 --- [main] o.s.b.a.e.mvc.EndpointHandlerMapping     : Mapped "{[/autoconfig || /autoconfig.json],methods=[GET],produces=[application/json]}" onto public java.lang.Object org.springframework.boot.actuate.endpoint.mvc.EndpointMvcAdapter.invoke()
2016-11-11 14:39:01.164  INFO 17909 --- [main] o.s.b.a.e.mvc.EndpointHandlerMapping     : Mapped "{[/configprops || /configprops.json],methods=[GET],produces=[application/json]}" onto public java.lang.Object org.springframework.boot.actuate.endpoint.mvc.EndpointMvcAdapter.invoke()
2016-11-11 14:39:01.165  INFO 17909 --- [main] o.s.b.a.e.mvc.EndpointHandlerMapping     : Mapped "{[/beans || /beans.json],methods=[GET],produces=[application/json]}" onto public java.lang.Object org.springframework.boot.actuate.endpoint.mvc.EndpointMvcAdapter.invoke()
2016-11-11 14:39:01.165  INFO 17909 --- [main] o.s.b.a.e.mvc.EndpointHandlerMapping     : Mapped "{[/health || /health.json],produces=[application/json]}" onto public java.lang.Object org.springframework.boot.actuate.endpoint.mvc.HealthMvcEndpoint.invoke(java.security.Principal)
2016-11-11 14:39:01.259  INFO 17909 --- [main] o.s.j.e.a.AnnotationMBeanExporter        : Registering beans for JMX exposure on startup
2016-11-11 14:39:01.268  INFO 17909 --- [main] o.s.c.support.DefaultLifecycleProcessor  : Starting beans in phase 0
2016-11-11 14:39:01.335  INFO 17909 --- [main] application                              : Initializing Spring FrameworkServlet 'dispatcherServlet'
2016-11-11 14:39:01.336  INFO 17909 --- [main] o.s.web.servlet.DispatcherServlet        : FrameworkServlet 'dispatcherServlet': initialization started
2016-11-11 14:39:01.354  INFO 17909 --- [main] o.s.web.servlet.DispatcherServlet        : FrameworkServlet 'dispatcherServlet': initialization completed in 18 ms
2016-11-11 14:39:01.368  INFO 17909 --- [main] o.e.jetty.server.AbstractConnector       : Started ServerConnector@64387c17{HTTP/1.1,[http/1.1]}{0.0.0.0:8080}
2016-11-11 14:39:01.370  INFO 17909 --- [main] .s.b.c.e.j.JettyEmbeddedServletContainer : Jetty started on port(s) 8080 (http/1.1)
2016-11-11 14:39:01.373  INFO 17909 --- [main] me.machadolucas.home.Application         : Started Application in 5.265 seconds (JVM running for 5.656)
2016-11-11 14:43:08.583  INFO 17909 --- [Thread-10] ationConfigEmbeddedWebApplicationContext : Closing org.springframework.boot.context.embedded.AnnotationConfigEmbeddedWebApplicationContext@222545dc: startup date [Fri Nov 11 14:38:56 BRST 2016]; root of context hierarchy
2016-11-11 14:43:08.598  INFO 17909 --- [Thread-10] o.s.c.support.DefaultLifecycleProcessor  : Stopping beans in phase 0
2016-11-11 14:43:08.604  INFO 17909 --- [Thread-10] o.s.j.e.a.AnnotationMBeanExporter        : Unregistering JMX-exposed beans on shutdown
2016-11-11 14:43:08.618  INFO 17909 --- [Thread-10] o.e.jetty.server.AbstractConnector       : Stopped ServerConnector@64387c17{HTTP/1.1,[http/1.1]}{0.0.0.0:8080}
2016-11-11 14:43:08.619  INFO 17909 --- [Thread-10] application                              : Destroying Spring FrameworkServlet 'dispatcherServlet'
2016-11-11 14:43:08.620  INFO 17909 --- [Thread-10] o.e.jetty.server.handler.ContextHandler  : Stopped o.s.b.c.e.j.JettyEmbeddedWebAppContext@2b289ac9{/,file:///tmp/jetty-docbase.8473453518184880314.8080/,UNAVAILABLE}
2016-11-11 14:43:10.290  INFO 23705 --- [main] me.machadolucas.home.Application         : Starting Application on CI-72122-0 with PID 23705 (/home/lmachado/lucas/home2/target/classes started by lmachado in /home/lmachado/lucas/home2)
2016-11-11 14:43:10.299  INFO 23705 --- [main] me.machadolucas.home.Application         : No active profile set, falling back to default profiles: default
2016-11-11 14:43:10.649  INFO 23705 --- [main] ationConfigEmbeddedWebApplicationContext : Refreshing org.springframework.boot.context.embedded.AnnotationConfigEmbeddedWebApplicationContext@222545dc: startup date [Fri Nov 11 14:43:10 BRST 2016]; root of context hierarchy
2016-11-11 14:43:11.839  INFO 23705 --- [main] org.eclipse.jetty.util.log               : Logging initialized @2447ms
2016-11-11 14:43:11.913  INFO 23705 --- [main] e.j.JettyEmbeddedServletContainerFactory : Server initialized with port: 8080
2016-11-11 14:43:11.916  INFO 23705 --- [main] org.eclipse.jetty.server.Server          : jetty-9.3.14.v20161028
2016-11-11 14:43:12.000  INFO 23705 --- [main] application                              : Initializing Spring embedded WebApplicationContext
2016-11-11 14:43:12.000  INFO 23705 --- [main] o.s.web.context.ContextLoader            : Root WebApplicationContext: initialization completed in 1354 ms
2016-11-11 14:43:12.162  INFO 23705 --- [main] o.s.b.w.servlet.ServletRegistrationBean  : Mapping servlet: 'dispatcherServlet' to [/]
2016-11-11 14:43:12.164  INFO 23705 --- [main] o.s.b.w.servlet.FilterRegistrationBean   : Mapping filter: 'metricsFilter' to: [/*]
2016-11-11 14:43:12.164  INFO 23705 --- [main] o.s.b.w.servlet.FilterRegistrationBean   : Mapping filter: 'characterEncodingFilter' to: [/*]
2016-11-11 14:43:12.164  INFO 23705 --- [main] o.s.b.w.servlet.FilterRegistrationBean   : Mapping filter: 'hiddenHttpMethodFilter' to: [/*]
2016-11-11 14:43:12.164  INFO 23705 --- [main] o.s.b.w.servlet.FilterRegistrationBean   : Mapping filter: 'httpPutFormContentFilter' to: [/*]
2016-11-11 14:43:12.165  INFO 23705 --- [main] o.s.b.w.servlet.FilterRegistrationBean   : Mapping filter: 'requestContextFilter' to: [/*]
2016-11-11 14:43:12.165  INFO 23705 --- [main] o.s.b.w.servlet.FilterRegistrationBean   : Mapping filter: 'webRequestLoggingFilter' to: [/*]
2016-11-11 14:43:12.165  INFO 23705 --- [main] o.s.b.w.servlet.FilterRegistrationBean   : Mapping filter: 'applicationContextIdFilter' to: [/*]
2016-11-11 14:43:12.468  INFO 23705 --- [main] o.e.jetty.server.handler.ContextHandler  : Started o.s.b.c.e.j.JettyEmbeddedWebAppContext@2b289ac9{/,file:///tmp/jetty-docbase.4596331318540694309.8080/,AVAILABLE}
2016-11-11 14:43:12.469  INFO 23705 --- [main] org.eclipse.jetty.server.Server          : Started @3078ms
2016-11-11 14:43:13.812  INFO 23705 --- [main] m.m.home.util.BackgroundImageUtils       : Detected image links:60
2016-11-11 14:43:14.203  INFO 23705 --- [main] s.w.s.m.m.a.RequestMappingHandlerAdapter : Looking for @ControllerAdvice: org.springframework.boot.context.embedded.AnnotationConfigEmbeddedWebApplicationContext@222545dc: startup date [Fri Nov 11 14:43:10 BRST 2016]; root of context hierarchy
2016-11-11 14:43:14.257  INFO 23705 --- [main] s.w.s.m.m.a.RequestMappingHandlerMapping : Mapped "{[/404]}" onto public java.lang.String me.machadolucas.home.controller.ErrorsController.e404(org.springframework.ui.Model)
2016-11-11 14:43:14.258  INFO 23705 --- [main] s.w.s.m.m.a.RequestMappingHandlerMapping : Mapped "{[/403]}" onto public java.lang.String me.machadolucas.home.controller.ErrorsController.e403(org.springframework.ui.Model)
2016-11-11 14:43:14.258  INFO 23705 --- [main] s.w.s.m.m.a.RequestMappingHandlerMapping : Mapped "{[/500]}" onto public java.lang.String me.machadolucas.home.controller.ErrorsController.e500(org.springframework.ui.Model)
2016-11-11 14:43:14.259  INFO 23705 --- [main] s.w.s.m.m.a.RequestMappingHandlerMapping : Mapped "{[/pages/{page}.html]}" onto public java.lang.String me.machadolucas.home.controller.MainController.pages(java.lang.String,org.springframework.ui.Model)
2016-11-11 14:43:14.259  INFO 23705 --- [main] s.w.s.m.m.a.RequestMappingHandlerMapping : Mapped "{[/]}" onto public java.lang.String me.machadolucas.home.controller.MainController.index(org.springframework.ui.Model)
2016-11-11 14:43:14.262  INFO 23705 --- [main] s.w.s.m.m.a.RequestMappingHandlerMapping : Mapped "{[/error],produces=[text/html]}" onto public org.springframework.web.servlet.ModelAndView org.springframework.boot.autoconfigure.web.BasicErrorController.errorHtml(javax.servlet.http.HttpServletRequest,javax.servlet.http.HttpServletResponse)
2016-11-11 14:43:14.262  INFO 23705 --- [main] s.w.s.m.m.a.RequestMappingHandlerMapping : Mapped "{[/error]}" onto public org.springframework.http.ResponseEntity<java.util.Map<java.lang.String, java.lang.Object>> org.springframework.boot.autoconfigure.web.BasicErrorController.error(javax.servlet.http.HttpServletRequest)
2016-11-11 14:43:14.289  INFO 23705 --- [main] o.s.w.s.handler.SimpleUrlHandlerMapping  : Mapped URL path [/webjars/**] onto handler of type [class org.springframework.web.servlet.resource.ResourceHttpRequestHandler]
2016-11-11 14:43:14.289  INFO 23705 --- [main] o.s.w.s.handler.SimpleUrlHandlerMapping  : Mapped URL path [/**] onto handler of type [class org.springframework.web.servlet.resource.ResourceHttpRequestHandler]
2016-11-11 14:43:15.025  INFO 23705 --- [main] o.s.b.a.e.mvc.EndpointHandlerMapping     : Mapped "{[/metrics/{name:.*}],methods=[GET],produces=[application/json]}" onto public java.lang.Object org.springframework.boot.actuate.endpoint.mvc.MetricsMvcEndpoint.value(java.lang.String)
2016-11-11 14:43:15.025  INFO 23705 --- [main] o.s.b.a.e.mvc.EndpointHandlerMapping     : Mapped "{[/metrics || /metrics.json],methods=[GET],produces=[application/json]}" onto public java.lang.Object org.springframework.boot.actuate.endpoint.mvc.EndpointMvcAdapter.invoke()
2016-11-11 14:43:15.026  INFO 23705 --- [main] o.s.b.a.e.mvc.EndpointHandlerMapping     : Mapped "{[/logfile || /logfile.json],methods=[GET || HEAD]}" onto public void org.springframework.boot.actuate.endpoint.mvc.LogFileMvcEndpoint.invoke(javax.servlet.http.HttpServletRequest,javax.servlet.http.HttpServletResponse) throws javax.servlet.ServletException,java.io.IOException
2016-11-11 14:43:15.026  INFO 23705 --- [main] o.s.b.a.e.mvc.EndpointHandlerMapping     : Mapped "{[/info || /info.json],methods=[GET],produces=[application/json]}" onto public java.lang.Object org.springframework.boot.actuate.endpoint.mvc.EndpointMvcAdapter.invoke()
2016-11-11 14:43:15.027  INFO 23705 --- [main] o.s.b.a.e.mvc.EndpointHandlerMapping     : Mapped "{[/trace || /trace.json],methods=[GET],produces=[application/json]}" onto public java.lang.Object org.springframework.boot.actuate.endpoint.mvc.EndpointMvcAdapter.invoke()
2016-11-11 14:43:15.028  INFO 23705 --- [main] o.s.b.a.e.mvc.EndpointHandlerMapping     : Mapped "{[/heapdump || /heapdump.json],methods=[GET],produces=[application/octet-stream]}" onto public void org.springframework.boot.actuate.endpoint.mvc.HeapdumpMvcEndpoint.invoke(boolean,javax.servlet.http.HttpServletRequest,javax.servlet.http.HttpServletResponse) throws java.io.IOException,javax.servlet.ServletException
2016-11-11 14:43:15.029  INFO 23705 --- [main] o.s.b.a.e.mvc.EndpointHandlerMapping     : Mapped "{[/mappings || /mappings.json],methods=[GET],produces=[application/json]}" onto public java.lang.Object org.springframework.boot.actuate.endpoint.mvc.EndpointMvcAdapter.invoke()
2016-11-11 14:43:15.029  INFO 23705 --- [main] o.s.b.a.e.mvc.EndpointHandlerMapping     : Mapped "{[/dump || /dump.json],methods=[GET],produces=[application/json]}" onto public java.lang.Object org.springframework.boot.actuate.endpoint.mvc.EndpointMvcAdapter.invoke()
2016-11-11 14:43:15.032  INFO 23705 --- [main] o.s.b.a.e.mvc.EndpointHandlerMapping     : Mapped "{[/env/{name:.*}],methods=[GET],produces=[application/json]}" onto public java.lang.Object org.springframework.boot.actuate.endpoint.mvc.EnvironmentMvcEndpoint.value(java.lang.String)
2016-11-11 14:43:15.032  INFO 23705 --- [main] o.s.b.a.e.mvc.EndpointHandlerMapping     : Mapped "{[/env || /env.json],methods=[GET],produces=[application/json]}" onto public java.lang.Object org.springframework.boot.actuate.endpoint.mvc.EndpointMvcAdapter.invoke()
2016-11-11 14:43:15.034  INFO 23705 --- [main] o.s.b.a.e.mvc.EndpointHandlerMapping     : Mapped "{[/autoconfig || /autoconfig.json],methods=[GET],produces=[application/json]}" onto public java.lang.Object org.springframework.boot.actuate.endpoint.mvc.EndpointMvcAdapter.invoke()
2016-11-11 14:43:15.035  INFO 23705 --- [main] o.s.b.a.e.mvc.EndpointHandlerMapping     : Mapped "{[/configprops || /configprops.json],methods=[GET],produces=[application/json]}" onto public java.lang.Object org.springframework.boot.actuate.endpoint.mvc.EndpointMvcAdapter.invoke()
2016-11-11 14:43:15.036  INFO 23705 --- [main] o.s.b.a.e.mvc.EndpointHandlerMapping     : Mapped "{[/beans || /beans.json],methods=[GET],produces=[application/json]}" onto public java.lang.Object org.springframework.boot.actuate.endpoint.mvc.EndpointMvcAdapter.invoke()
2016-11-11 14:43:15.036  INFO 23705 --- [main] o.s.b.a.e.mvc.EndpointHandlerMapping     : Mapped "{[/health || /health.json],produces=[application/json]}" onto public java.lang.Object org.springframework.boot.actuate.endpoint.mvc.HealthMvcEndpoint.invoke(java.security.Principal)
2016-11-11 14:43:15.135  INFO 23705 --- [main] o.s.j.e.a.AnnotationMBeanExporter        : Registering beans for JMX exposure on startup
2016-11-11 14:43:15.142  INFO 23705 --- [main] o.s.c.support.DefaultLifecycleProcessor  : Starting beans in phase 0
2016-11-11 14:43:15.210  INFO 23705 --- [main] application                              : Initializing Spring FrameworkServlet 'dispatcherServlet'
2016-11-11 14:43:15.210  INFO 23705 --- [main] o.s.web.servlet.DispatcherServlet        : FrameworkServlet 'dispatcherServlet': initialization started
2016-11-11 14:43:15.218  INFO 23705 --- [main] o.s.web.servlet.DispatcherServlet        : FrameworkServlet 'dispatcherServlet': initialization completed in 8 ms
2016-11-11 14:43:15.231  INFO 23705 --- [main] o.e.jetty.server.AbstractConnector       : Started ServerConnector@3a0ead5f{HTTP/1.1,[http/1.1]}{0.0.0.0:8080}
2016-11-11 14:43:15.233  INFO 23705 --- [main] .s.b.c.e.j.JettyEmbeddedServletContainer : Jetty started on port(s) 8080 (http/1.1)
2016-11-11 14:43:15.239  INFO 23705 --- [main] me.machadolucas.home.Application         : Started Application in 5.473 seconds (JVM running for 5.848)
2016-11-11 16:00:29.996  INFO 23705 --- [Thread-10] ationConfigEmbeddedWebApplicationContext : Closing org.springframework.boot.context.embedded.AnnotationConfigEmbeddedWebApplicationContext@222545dc: startup date [Fri Nov 11 14:43:10 BRST 2016]; root of context hierarchy
2016-11-11 16:00:29.998  INFO 23705 --- [Thread-10] o.s.c.support.DefaultLifecycleProcessor  : Stopping beans in phase 0
2016-11-11 16:00:30.000  INFO 23705 --- [Thread-10] o.s.j.e.a.AnnotationMBeanExporter        : Unregistering JMX-exposed beans on shutdown
2016-11-11 16:00:30.005  INFO 23705 --- [Thread-10] o.e.jetty.server.AbstractConnector       : Stopped ServerConnector@3a0ead5f{HTTP/1.1,[http/1.1]}{0.0.0.0:8080}
2016-11-11 16:00:30.006  INFO 23705 --- [Thread-10] application                              : Destroying Spring FrameworkServlet 'dispatcherServlet'
2016-11-11 16:00:30.006  INFO 23705 --- [Thread-10] o.e.jetty.server.handler.ContextHandler  : Stopped o.s.b.c.e.j.JettyEmbeddedWebAppContext@2b289ac9{/,file:///tmp/jetty-docbase.4596331318540694309.8080/,UNAVAILABLE}
